<?xml version="1.0" encoding="UTF-8"?>
<coverage generated="1743199512177" clover="3.2.0">
  <project timestamp="1743199512177" name="All files">
    <metrics statements="26" coveredstatements="25" conditionals="5" coveredconditionals="3" methods="8" coveredmethods="8" elements="39" coveredelements="36" complexity="0" loc="26" ncloc="26" packages="2" files="3" classes="3"/>
    <package name="components.common">
      <metrics statements="20" coveredstatements="19" conditionals="5" coveredconditionals="3" methods="8" coveredmethods="8"/>
      <file name="Button.tsx" path="/Users/miladarbabi/Codes/projects/aurora-baby-mobile/src/components/common/Button.tsx">
        <metrics statements="14" coveredstatements="13" conditionals="5" coveredconditionals="3" methods="7" coveredmethods="7"/>
        <line num="1" count="1" type="stmt"/>
        <line num="2" count="1" type="stmt"/>
        <line num="15" count="1" type="stmt"/>
        <line num="16" count="2" type="stmt"/>
        <line num="17" count="2" type="stmt"/>
        <line num="18" count="2" type="stmt"/>
        <line num="21" count="1" type="stmt"/>
        <line num="22" count="2" type="stmt"/>
        <line num="23" count="2" type="stmt"/>
        <line num="27" count="1" type="stmt"/>
        <line num="28" count="2" type="cond" truecount="2" falsecount="1"/>
        <line num="29" count="0" type="stmt"/>
        <line num="31" count="2" type="stmt"/>
        <line num="38" count="1" type="stmt"/>
      </file>
      <file name="LoadingSpinner.tsx" path="/Users/miladarbabi/Codes/projects/aurora-baby-mobile/src/components/common/LoadingSpinner.tsx">
        <metrics statements="6" coveredstatements="6" conditionals="0" coveredconditionals="0" methods="1" coveredmethods="1"/>
        <line num="1" count="1" type="stmt"/>
        <line num="2" count="1" type="stmt"/>
        <line num="4" count="1" type="stmt"/>
        <line num="8" count="1" type="stmt"/>
        <line num="9" count="1" type="stmt"/>
        <line num="12" count="1" type="stmt"/>
      </file>
    </package>
    <package name="styles">
      <metrics statements="6" coveredstatements="6" conditionals="0" coveredconditionals="0" methods="0" coveredmethods="0"/>
      <file name="theme.ts" path="/Users/miladarbabi/Codes/projects/aurora-baby-mobile/src/styles/theme.ts">
        <metrics statements="6" coveredstatements="6" conditionals="0" coveredconditionals="0" methods="0" coveredmethods="0"/>
        <line num="1" count="1" type="stmt"/>
        <line num="11" count="1" type="stmt"/>
        <line num="20" count="1" type="stmt"/>
        <line num="26" count="1" type="stmt"/>
        <line num="34" count="1" type="stmt"/>
        <line num="55" count="1" type="stmt"/>
      </file>
    </package>
  </project>
</coverage>
