{"/Users/miladarbabi/Codes/projects/aurora-baby-mobile/src/components/common/Button.tsx": {"path":"/Users/miladarbabi/Codes/projects/aurora-baby-mobile/src/components/common/Button.tsx","statementMap":{"0":{"start":{"line":1,"column":0},"end":{"line":1,"column":null}},"1":{"start":{"line":2,"column":0},"end":{"line":2,"column":null}},"2":{"start":{"line":15,"column":21},"end":{"line":19,"column":null}},"3":{"start":{"line":16,"column":37},"end":{"line":16,"column":62}},"4":{"start":{"line":16,"column":92},"end":{"line":16,"column":118}},"5":{"start":{"line":17,"column":46},"end":{"line":17,"column":72}},"6":{"start":{"line":18,"column":43},"end":{"line":18,"column":68}},"7":{"start":{"line":21,"column":19},"end":{"line":25,"column":null}},"8":{"start":{"line":22,"column":35},"end":{"line":22,"column":64}},"9":{"start":{"line":23,"column":41},"end":{"line":23,"column":66}},"10":{"start":{"line":27,"column":38},"end":{"line":36,"column":1}},"11":{"start":{"line":28,"column":2},"end":{"line":30,"column":null}},"12":{"start":{"line":29,"column":4},"end":{"line":29,"column":null}},"13":{"start":{"line":31,"column":2},"end":{"line":34,"column":null}},"14":{"start":{"line":38,"column":0},"end":{"line":38,"column":null}}},"fnMap":{"0":{"name":"(anonymous_1)","decl":{"start":{"line":16,"column":14},"end":{"line":16,"column":32}},"loc":{"start":{"line":16,"column":37},"end":{"line":16,"column":62}}},"1":{"name":"(anonymous_2)","decl":{"start":{"line":16,"column":69},"end":{"line":16,"column":87}},"loc":{"start":{"line":16,"column":92},"end":{"line":16,"column":118}}},"2":{"name":"(anonymous_3)","decl":{"start":{"line":17,"column":23},"end":{"line":17,"column":41}},"loc":{"start":{"line":17,"column":46},"end":{"line":17,"column":72}}},"3":{"name":"(anonymous_4)","decl":{"start":{"line":18,"column":20},"end":{"line":18,"column":38}},"loc":{"start":{"line":18,"column":43},"end":{"line":18,"column":68}}},"4":{"name":"(anonymous_5)","decl":{"start":{"line":22,"column":12},"end":{"line":22,"column":30}},"loc":{"start":{"line":22,"column":35},"end":{"line":22,"column":64}}},"5":{"name":"(anonymous_6)","decl":{"start":{"line":23,"column":18},"end":{"line":23,"column":36}},"loc":{"start":{"line":23,"column":41},"end":{"line":23,"column":66}}},"6":{"name":"(anonymous_7)","decl":{"start":{"line":27,"column":38},"end":{"line":27,"column":39}},"loc":{"start":{"line":27,"column":68},"end":{"line":36,"column":1}}}},"branchMap":{"0":{"loc":{"start":{"line":28,"column":2},"end":{"line":30,"column":null}},"type":"if","locations":[{"start":{"line":28,"column":2},"end":{"line":30,"column":null}}]},"1":{"loc":{"start":{"line":28,"column":6},"end":{"line":28,"column":39}},"type":"binary-expr","locations":[{"start":{"line":28,"column":6},"end":{"line":28,"column":11}},{"start":{"line":28,"column":15},"end":{"line":28,"column":39}}]},"2":{"loc":{"start":{"line":32,"column":26},"end":{"line":32,"column":52}},"type":"binary-expr","locations":[{"start":{"line":32,"column":26},"end":{"line":32,"column":32}},{"start":{"line":32,"column":36},"end":{"line":32,"column":52}}]}},"s":{"0":1,"1":1,"2":1,"3":2,"4":2,"5":2,"6":2,"7":1,"8":2,"9":2,"10":1,"11":2,"12":0,"13":2,"14":1},"f":{"0":2,"1":2,"2":2,"3":2,"4":2,"5":2,"6":2},"b":{"0":[0],"1":[2,2],"2":[2,0]}}
,"/Users/miladarbabi/Codes/projects/aurora-baby-mobile/src/components/common/LoadingSpinner.tsx": {"path":"/Users/miladarbabi/Codes/projects/aurora-baby-mobile/src/components/common/LoadingSpinner.tsx","statementMap":{"0":{"start":{"line":1,"column":0},"end":{"line":1,"column":null}},"1":{"start":{"line":2,"column":0},"end":{"line":2,"column":null}},"2":{"start":{"line":4,"column":16},"end":{"line":6,"column":null}},"3":{"start":{"line":8,"column":33},"end":{"line":10,"column":1}},"4":{"start":{"line":9,"column":2},"end":{"line":9,"column":null}},"5":{"start":{"line":12,"column":0},"end":{"line":12,"column":null}}},"fnMap":{"0":{"name":"(anonymous_1)","decl":{"start":{"line":8,"column":33},"end":{"line":8,"column":38}},"loc":{"start":{"line":8,"column":38},"end":{"line":10,"column":1}}}},"branchMap":{},"s":{"0":1,"1":1,"2":1,"3":1,"4":1,"5":1},"f":{"0":1},"b":{}}
,"/Users/miladarbabi/Codes/projects/aurora-baby-mobile/src/styles/theme.ts": {"path":"/Users/miladarbabi/Codes/projects/aurora-baby-mobile/src/styles/theme.ts","statementMap":{"0":{"start":{"line":1,"column":0},"end":{"line":1,"column":null}},"1":{"start":{"line":11,"column":19},"end":{"line":18,"column":null}},"2":{"start":{"line":20,"column":13},"end":{"line":24,"column":null}},"3":{"start":{"line":26,"column":13},"end":{"line":31,"column":null}},"4":{"start":{"line":34,"column":13},"end":{"line":52,"column":null}},"5":{"start":{"line":55,"column":13},"end":{"line":67,"column":null}}},"fnMap":{},"branchMap":{},"s":{"0":1,"1":1,"2":1,"3":1,"4":1,"5":1},"f":{},"b":{}}
}
