TN:
SF:src/components/common/Button.tsx
FN:16,(anonymous_1)
FN:16,(anonymous_2)
FN:17,(anonymous_3)
FN:18,(anonymous_4)
FN:22,(anonymous_5)
FN:23,(anonymous_6)
FN:27,(anonymous_7)
FNF:7
FNH:7
FNDA:2,(anonymous_1)
FNDA:2,(anonymous_2)
FNDA:2,(anonymous_3)
FNDA:2,(anonymous_4)
FNDA:2,(anonymous_5)
FNDA:2,(anonymous_6)
FNDA:2,(anonymous_7)
DA:1,1
DA:2,1
DA:15,1
DA:16,2
DA:17,2
DA:18,2
DA:21,1
DA:22,2
DA:23,2
DA:27,1
DA:28,2
DA:29,0
DA:31,2
DA:38,1
LF:14
LH:13
BRDA:28,0,0,0
BRDA:28,1,0,2
BRDA:28,1,1,2
BRDA:32,2,0,2
BRDA:32,2,1,0
BRF:5
BRH:3
end_of_record
TN:
SF:src/components/common/LoadingSpinner.tsx
FN:8,(anonymous_1)
FNF:1
FNH:1
FNDA:1,(anonymous_1)
DA:1,1
DA:2,1
DA:4,1
DA:8,1
DA:9,1
DA:12,1
LF:6
LH:6
BRF:0
BRH:0
end_of_record
TN:
SF:src/styles/theme.ts
FNF:0
FNH:0
DA:1,1
DA:11,1
DA:20,1
DA:26,1
DA:34,1
DA:55,1
LF:6
LH:6
BRF:0
BRH:0
end_of_record
